Running main() from gtest_main.cc
[==========] Running 22 tests from 15 test cases.
[----------] Global test environment set-up.
[----------] 2 tests from TestAllocator1/0, where TypeParam = std::allocator<int>
[ RUN      ] TestAllocator1/0.test_1
[       OK ] TestAllocator1/0.test_1 (0 ms)
[ RUN      ] TestAllocator1/0.test_10
[       OK ] TestAllocator1/0.test_10 (0 ms)
[----------] 2 tests from TestAllocator1/0 (0 ms total)

[----------] 2 tests from TestAllocator1/1, where TypeParam = std::allocator<double>
[ RUN      ] TestAllocator1/1.test_1
[       OK ] TestAllocator1/1.test_1 (0 ms)
[ RUN      ] TestAllocator1/1.test_10
[       OK ] TestAllocator1/1.test_10 (0 ms)
[----------] 2 tests from TestAllocator1/1 (0 ms total)

[----------] 2 tests from TestAllocator1/2, where TypeParam = Allocator<int, 100ul>
[ RUN      ] TestAllocator1/2.test_1
[       OK ] TestAllocator1/2.test_1 (0 ms)
[ RUN      ] TestAllocator1/2.test_10
[       OK ] TestAllocator1/2.test_10 (0 ms)
[----------] 2 tests from TestAllocator1/2 (0 ms total)

[----------] 2 tests from TestAllocator1/3, where TypeParam = Allocator<double, 100ul>
[ RUN      ] TestAllocator1/3.test_1
[       OK ] TestAllocator1/3.test_1 (0 ms)
[ RUN      ] TestAllocator1/3.test_10
[       OK ] TestAllocator1/3.test_10 (0 ms)
[----------] 2 tests from TestAllocator1/3 (0 ms total)

[----------] 2 tests from TestAllocator2
[ RUN      ] TestAllocator2.const_index
[       OK ] TestAllocator2.const_index (0 ms)
[ RUN      ] TestAllocator2.index
[       OK ] TestAllocator2.index (0 ms)
[----------] 2 tests from TestAllocator2 (0 ms total)

[----------] 2 tests from TestAllocator3/0, where TypeParam = Allocator<int, 100ul>
[ RUN      ] TestAllocator3/0.test_1
[       OK ] TestAllocator3/0.test_1 (0 ms)
[ RUN      ] TestAllocator3/0.test_10
[       OK ] TestAllocator3/0.test_10 (0 ms)
[----------] 2 tests from TestAllocator3/0 (0 ms total)

[----------] 2 tests from TestAllocator3/1, where TypeParam = Allocator<double, 100ul>
[ RUN      ] TestAllocator3/1.test_1
[       OK ] TestAllocator3/1.test_1 (0 ms)
[ RUN      ] TestAllocator3/1.test_10
[       OK ] TestAllocator3/1.test_10 (0 ms)
[----------] 2 tests from TestAllocator3/1 (0 ms total)

[----------] 1 test from TestAllocator4
[ RUN      ] TestAllocator4.index
[       OK ] TestAllocator4.index (0 ms)
[----------] 1 test from TestAllocator4 (0 ms total)

[----------] 1 test from TestAllocator5
[ RUN      ] TestAllocator5.index
[       OK ] TestAllocator5.index (0 ms)
[----------] 1 test from TestAllocator5 (0 ms total)

[----------] 1 test from TestAllocator6
[ RUN      ] TestAllocator6.index
[       OK ] TestAllocator6.index (0 ms)
[----------] 1 test from TestAllocator6 (0 ms total)

[----------] 1 test from TestAllocator7
[ RUN      ] TestAllocator7.index
[       OK ] TestAllocator7.index (0 ms)
[----------] 1 test from TestAllocator7 (0 ms total)

[----------] 1 test from TestAllocator8
[ RUN      ] TestAllocator8.index
TestAllocator.c++:233: Failure
Value of: 20
Expected: x[0]
Which is: -4
[  FAILED  ] TestAllocator8.index (0 ms)
[----------] 1 test from TestAllocator8 (0 ms total)

[----------] 1 test from TestAllocator9
[ RUN      ] TestAllocator9.index
TestAllocator.c++:246: Failure
Value of: 92
Expected: x[0]
Which is: -4
[  FAILED  ] TestAllocator9.index (0 ms)
[----------] 1 test from TestAllocator9 (0 ms total)

[----------] 1 test from TestAllocator10
[ RUN      ] TestAllocator10.index
[       OK ] TestAllocator10.index (0 ms)
[----------] 1 test from TestAllocator10 (0 ms total)

[----------] 1 test from TestAllocator15
[ RUN      ] TestAllocator15.index
[       OK ] TestAllocator15.index (0 ms)
[----------] 1 test from TestAllocator15 (0 ms total)

[----------] Global test environment tear-down
[==========] 22 tests from 15 test cases ran. (1 ms total)
[  PASSED  ] 20 tests.
[  FAILED  ] 2 tests, listed below:
[  FAILED  ] TestAllocator8.index
[  FAILED  ] TestAllocator9.index

 2 FAILED TESTS
